<?xml version="1.0" encoding="UTF-8" ?>
<testsuite failures="0" time="1.679" errors="0" skipped="0" tests="6" name="com.pack.base.RunBarclayTest">
  <properties>
[...]
</properties>
  <testcase time="0.051" classname="Scenario: InvalidAccountNumber_Scenario" name="Given user is on ABSA home page"/>
  <testcase time="0" classname="Scenario: InvalidAccountNumber_Scenario" name="When selects Absa Online and clicks on the register button"/>
  <testcase time="0.001" classname="Scenario: InvalidAccountNumber_Scenario" name="Then user is navigated to register page"/>
  <testcase time="0" classname="Scenario: InvalidAccountNumber_Scenario" name="When user gives invalid account number"/>
  <testcase time="0" classname="Scenario: InvalidAccountNumber_Scenario" name="Then user should get NO ACCOUNTS LINKED error message"/>
  <testcase time="1.627" classname="Scenario: InvalidAccountNumber_Scenario" name="Scenario: InvalidAccountNumber_Scenario"/>
</testsuite>